{"/Users/ja/git/hook/lib/actions.ts": {"path":"/Users/ja/git/hook/lib/actions.ts","statementMap":{"0":{"start":{"line":2,"column":0},"end":{"line":2,"column":53}},"1":{"start":{"line":5,"column":13},"end":{"line":14,"column":2}},"2":{"start":{"line":16,"column":13},"end":{"line":18,"column":72}},"3":{"start":{"line":18,"column":35},"end":{"line":18,"column":71}}},"fnMap":{"0":{"name":"(anonymous_0)","decl":{"start":{"line":16,"column":23},"end":{"line":16,"column":null}},"loc":{"start":{"line":18,"column":35},"end":{"line":18,"column":71}}}},"branchMap":{},"s":{"0":2,"1":2,"2":2,"3":4},"f":{"0":4},"b":{}}
,"/Users/ja/git/hook/lib/constants.ts": {"path":"/Users/ja/git/hook/lib/constants.ts","statementMap":{"0":{"start":{"line":1,"column":13},"end":{"line":1,"column":31}},"1":{"start":{"line":2,"column":13},"end":{"line":2,"column":26}},"2":{"start":{"line":3,"column":13},"end":{"line":3,"column":28}},"3":{"start":{"line":4,"column":13},"end":{"line":4,"column":36}}},"fnMap":{},"branchMap":{},"s":{"0":2,"1":2,"2":2,"3":2},"f":{},"b":{}}
,"/Users/ja/git/hook/lib/http-effects.ts": {"path":"/Users/ja/git/hook/lib/http-effects.ts","statementMap":{"0":{"start":{"line":1,"column":0},"end":{"line":1,"column":60}},"1":{"start":{"line":2,"column":0},"end":{"line":2,"column":29}},"2":{"start":{"line":4,"column":0},"end":{"line":4,"column":36}},"3":{"start":{"line":5,"column":0},"end":{"line":5,"column":35}},"4":{"start":{"line":8,"column":18},"end":{"line":8,"column":76}},"5":{"start":{"line":8,"column":36},"end":{"line":8,"column":75}},"6":{"start":{"line":10,"column":17},"end":{"line":11,"column":49}},"7":{"start":{"line":10,"column":33},"end":{"line":11,"column":49}},"8":{"start":{"line":11,"column":2},"end":{"line":11,"column":49}},"9":{"start":{"line":11,"column":19},"end":{"line":11,"column":48}},"10":{"start":{"line":13,"column":13},"end":{"line":22,"column":4}},"11":{"start":{"line":13,"column":59},"end":{"line":21,"column":null}},"12":{"start":{"line":18,"column":2},"end":{"line":21,"column":null}},"13":{"start":{"line":18,"column":12},"end":{"line":18,"column":59}},"14":{"start":{"line":19,"column":4},"end":{"line":20,"column":null}},"15":{"start":{"line":20,"column":6},"end":{"line":20,"column":69}}},"fnMap":{"0":{"name":"(anonymous_1)","decl":{"start":{"line":8,"column":18},"end":{"line":8,"column":19}},"loc":{"start":{"line":8,"column":36},"end":{"line":8,"column":75}}},"1":{"name":"(anonymous_2)","decl":{"start":{"line":10,"column":17},"end":{"line":10,"column":18}},"loc":{"start":{"line":10,"column":33},"end":{"line":11,"column":49}}},"2":{"name":"(anonymous_3)","decl":{"start":{"line":10,"column":33},"end":{"line":10,"column":34}},"loc":{"start":{"line":11,"column":2},"end":{"line":11,"column":49}}},"3":{"name":"(anonymous_4)","decl":{"start":{"line":11,"column":14},"end":{"line":11,"column":15}},"loc":{"start":{"line":11,"column":19},"end":{"line":11,"column":48}}},"4":{"name":"(anonymous_5)","decl":{"start":{"line":13,"column":23},"end":{"line":13,"column":24}},"loc":{"start":{"line":13,"column":59},"end":{"line":21,"column":null}}},"5":{"name":"(anonymous_6)","decl":{"start":{"line":13,"column":59},"end":{"line":13,"column":null}},"loc":{"start":{"line":18,"column":2},"end":{"line":21,"column":null}}},"6":{"name":"(anonymous_7)","decl":{"start":{"line":18,"column":7},"end":{"line":18,"column":8}},"loc":{"start":{"line":18,"column":12},"end":{"line":18,"column":59}}},"7":{"name":"(anonymous_8)","decl":{"start":{"line":18,"column":67},"end":{"line":18,"column":70}},"loc":{"start":{"line":19,"column":4},"end":{"line":20,"column":null}}},"8":{"name":"(anonymous_9)","decl":{"start":{"line":19,"column":46},"end":{"line":19,"column":49}},"loc":{"start":{"line":20,"column":6},"end":{"line":20,"column":69}}}},"branchMap":{"0":{"loc":{"start":{"line":8,"column":53},"end":{"line":8,"column":56}},"type":"cond-expr","locations":[{"start":{"line":8,"column":53},"end":{"line":8,"column":56}},{"start":{"line":8,"column":59},"end":{"line":8,"column":75}}]}},"s":{"0":1,"1":1,"2":1,"3":1,"4":1,"5":2,"6":1,"7":1,"8":2,"9":2,"10":1,"11":2,"12":1,"13":1,"14":1,"15":0},"f":{"0":2,"1":1,"2":2,"3":2,"4":2,"5":1,"6":1,"7":1,"8":0},"b":{"0":[0,2]}}
,"/Users/ja/git/hook/lib/index.ts": {"path":"/Users/ja/git/hook/lib/index.ts","statementMap":{"0":{"start":{"line":1,"column":0},"end":{"line":1,"column":38}},"1":{"start":{"line":2,"column":0},"end":{"line":2,"column":39}},"2":{"start":{"line":4,"column":0},"end":{"line":4,"column":37}},"3":{"start":{"line":6,"column":13},"end":{"line":11,"column":3}},"4":{"start":{"line":6,"column":41},"end":{"line":11,"column":2}}},"fnMap":{"0":{"name":"(anonymous_0)","decl":{"start":{"line":6,"column":23},"end":{"line":6,"column":24}},"loc":{"start":{"line":6,"column":41},"end":{"line":11,"column":2}}}},"branchMap":{},"s":{"0":1,"1":1,"2":1,"3":1,"4":1},"f":{"0":1},"b":{}}
,"/Users/ja/git/hook/lib/projections.ts": {"path":"/Users/ja/git/hook/lib/projections.ts","statementMap":{"0":{"start":{"line":1,"column":0},"end":{"line":1,"column":32}},"1":{"start":{"line":2,"column":0},"end":{"line":2,"column":37}},"2":{"start":{"line":5,"column":13},"end":{"line":6,"column":32}},"3":{"start":{"line":6,"column":2},"end":{"line":6,"column":31}},"4":{"start":{"line":8,"column":13},"end":{"line":9,"column":21}},"5":{"start":{"line":9,"column":2},"end":{"line":9,"column":20}},"6":{"start":{"line":11,"column":13},"end":{"line":13,"column":73}},"7":{"start":{"line":11,"column":65},"end":{"line":13,"column":72}},"8":{"start":{"line":13,"column":5},"end":{"line":13,"column":72}},"9":{"start":{"line":13,"column":30},"end":{"line":13,"column":71}},"10":{"start":{"line":15,"column":13},"end":{"line":19,"column":4}},"11":{"start":{"line":16,"column":2},"end":{"line":18,"column":null}}},"fnMap":{"0":{"name":"(anonymous_0)","decl":{"start":{"line":5,"column":26},"end":{"line":5,"column":30}},"loc":{"start":{"line":6,"column":2},"end":{"line":6,"column":31}}},"1":{"name":"(anonymous_1)","decl":{"start":{"line":8,"column":25},"end":{"line":8,"column":49}},"loc":{"start":{"line":9,"column":2},"end":{"line":9,"column":20}}},"2":{"name":"(anonymous_2)","decl":{"start":{"line":11,"column":25},"end":{"line":11,"column":53}},"loc":{"start":{"line":11,"column":65},"end":{"line":13,"column":72}}},"3":{"name":"(anonymous_3)","decl":{"start":{"line":11,"column":65},"end":{"line":11,"column":null}},"loc":{"start":{"line":13,"column":5},"end":{"line":13,"column":72}}},"4":{"name":"(anonymous_4)","decl":{"start":{"line":13,"column":17},"end":{"line":13,"column":18}},"loc":{"start":{"line":13,"column":30},"end":{"line":13,"column":71}}},"5":{"name":"(anonymous_5)","decl":{"start":{"line":15,"column":27},"end":{"line":15,"column":55}},"loc":{"start":{"line":16,"column":2},"end":{"line":18,"column":null}}}},"branchMap":{"0":{"loc":{"start":{"line":13,"column":30},"end":{"line":13,"column":45}},"type":"binary-expr","locations":[{"start":{"line":13,"column":30},"end":{"line":13,"column":45}},{"start":{"line":13,"column":49},"end":{"line":13,"column":71}}]}},"s":{"0":2,"1":2,"2":2,"3":2,"4":2,"5":1,"6":2,"7":1,"8":1,"9":2,"10":2,"11":1},"f":{"0":2,"1":1,"2":1,"3":1,"4":2,"5":1},"b":{"0":[2,0]}}
,"/Users/ja/git/hook/lib/reducers.ts": {"path":"/Users/ja/git/hook/lib/reducers.ts","statementMap":{"0":{"start":{"line":3,"column":0},"end":{"line":3,"column":45}},"1":{"start":{"line":5,"column":0},"end":{"line":5,"column":32}},"2":{"start":{"line":7,"column":13},"end":{"line":19,"column":4}},"3":{"start":{"line":7,"column":57},"end":{"line":18,"column":null}},"4":{"start":{"line":10,"column":2},"end":{"line":18,"column":null}},"5":{"start":{"line":13,"column":17},"end":{"line":13,"column":19}},"6":{"start":{"line":13,"column":19},"end":{"line":13,"column":26}},"7":{"start":{"line":13,"column":33},"end":{"line":16,"column":null}},"8":{"start":{"line":21,"column":13},"end":{"line":41,"column":4}},"9":{"start":{"line":21,"column":62},"end":{"line":40,"column":null}},"10":{"start":{"line":24,"column":2},"end":{"line":40,"column":null}},"11":{"start":{"line":27,"column":49},"end":{"line":37,"column":null}},"12":{"start":{"line":43,"column":13},"end":{"line":52,"column":12}},"13":{"start":{"line":47,"column":2},"end":{"line":52,"column":11}}},"fnMap":{"0":{"name":"(anonymous_1)","decl":{"start":{"line":7,"column":25},"end":{"line":7,"column":44}},"loc":{"start":{"line":7,"column":57},"end":{"line":18,"column":null}}},"1":{"name":"(anonymous_2)","decl":{"start":{"line":7,"column":57},"end":{"line":7,"column":null}},"loc":{"start":{"line":10,"column":2},"end":{"line":18,"column":null}}},"2":{"name":"(anonymous_3)","decl":{"start":{"line":13,"column":6},"end":{"line":13,"column":7}},"loc":{"start":{"line":13,"column":32},"end":{"line":16,"column":null}}},"3":{"name":"(anonymous_4)","decl":{"start":{"line":21,"column":27},"end":{"line":21,"column":49}},"loc":{"start":{"line":21,"column":62},"end":{"line":40,"column":null}}},"4":{"name":"(anonymous_5)","decl":{"start":{"line":21,"column":62},"end":{"line":21,"column":null}},"loc":{"start":{"line":24,"column":2},"end":{"line":40,"column":null}}},"5":{"name":"(anonymous_6)","decl":{"start":{"line":27,"column":6},"end":{"line":27,"column":7}},"loc":{"start":{"line":27,"column":49},"end":{"line":37,"column":null}}},"6":{"name":"(anonymous_7)","decl":{"start":{"line":43,"column":24},"end":{"line":43,"column":null}},"loc":{"start":{"line":47,"column":2},"end":{"line":52,"column":11}}}},"branchMap":{"0":{"loc":{"start":{"line":44,"column":10},"end":{"line":44,"column":12}},"type":"default-arg","locations":[{"start":{"line":44,"column":10},"end":{"line":44,"column":12}}]},"1":{"loc":{"start":{"line":48,"column":6},"end":{"line":51,"column":8}},"type":"cond-expr","locations":[{"start":{"line":48,"column":6},"end":{"line":51,"column":8}},{"start":{"line":52,"column":6},"end":{"line":52,"column":11}}]}},"s":{"0":2,"1":2,"2":2,"3":4,"4":4,"5":7,"6":7,"7":7,"8":2,"9":3,"10":2,"11":2,"12":2,"13":4},"f":{"0":4,"1":4,"2":7,"3":3,"4":2,"5":2,"6":4},"b":{"0":[3],"1":[1,3]}}
,"/Users/ja/git/hook/lib/use-resources.ts": {"path":"/Users/ja/git/hook/lib/use-resources.ts","statementMap":{"0":{"start":{"line":1,"column":0},"end":{"line":1,"column":43}},"1":{"start":{"line":2,"column":0},"end":{"line":2,"column":66}},"2":{"start":{"line":3,"column":0},"end":{"line":3,"column":51}},"3":{"start":{"line":4,"column":0},"end":{"line":4,"column":41}},"4":{"start":{"line":5,"column":0},"end":{"line":5,"column":44}},"5":{"start":{"line":15,"column":0},"end":{"line":15,"column":48}},"6":{"start":{"line":17,"column":18},"end":{"line":20,"column":61}},"7":{"start":{"line":17,"column":65},"end":{"line":20,"column":61}},"8":{"start":{"line":20,"column":2},"end":{"line":20,"column":61}},"9":{"start":{"line":22,"column":13},"end":{"line":49,"column":4}},"10":{"start":{"line":23,"column":2},"end":{"line":49,"column":3}},"11":{"start":{"line":27,"column":35},"end":{"line":27,"column":45}},"12":{"start":{"line":28,"column":31},"end":{"line":31,"column":22}},"13":{"start":{"line":29,"column":19},"end":{"line":29,"column":58}},"14":{"start":{"line":30,"column":6},"end":{"line":30,"column":73}},"15":{"start":{"line":30,"column":42},"end":{"line":30,"column":45}},"16":{"start":{"line":32,"column":17},"end":{"line":35,"column":5}},"17":{"start":{"line":33,"column":22},"end":{"line":33,"column":49}},"18":{"start":{"line":34,"column":6},"end":{"line":34,"column":49}},"19":{"start":{"line":37,"column":4},"end":{"line":41,"column":16}},"20":{"start":{"line":38,"column":6},"end":{"line":40,"column":11}},"21":{"start":{"line":38,"column":18},"end":{"line":40,"column":8}},"22":{"start":{"line":39,"column":8},"end":{"line":39,"column":21}},"23":{"start":{"line":43,"column":18},"end":{"line":45,"column":null}},"24":{"start":{"line":44,"column":15},"end":{"line":44,"column":43}},"25":{"start":{"line":48,"column":4},"end":{"line":48,"column":25}}},"fnMap":{"0":{"name":"(anonymous_7)","decl":{"start":{"line":17,"column":18},"end":{"line":17,"column":48}},"loc":{"start":{"line":17,"column":65},"end":{"line":20,"column":61}}},"1":{"name":"(anonymous_8)","decl":{"start":{"line":17,"column":65},"end":{"line":17,"column":null}},"loc":{"start":{"line":20,"column":2},"end":{"line":20,"column":61}}},"2":{"name":"(anonymous_9)","decl":{"start":{"line":22,"column":20},"end":{"line":22,"column":21}},"loc":{"start":{"line":23,"column":2},"end":{"line":49,"column":3}}},"3":{"name":"useResources","decl":{"start":{"line":23,"column":11},"end":{"line":23,"column":23}},"loc":{"start":{"line":25,"column":21},"end":{"line":49,"column":3}}},"4":{"name":"(anonymous_11)","decl":{"start":{"line":28,"column":39},"end":{"line":28,"column":42}},"loc":{"start":{"line":28,"column":44},"end":{"line":31,"column":5}}},"5":{"name":"(anonymous_12)","decl":{"start":{"line":30,"column":29},"end":{"line":30,"column":30}},"loc":{"start":{"line":30,"column":42},"end":{"line":30,"column":45}}},"6":{"name":"(anonymous_13)","decl":{"start":{"line":32,"column":17},"end":{"line":32,"column":20}},"loc":{"start":{"line":32,"column":22},"end":{"line":35,"column":5}}},"7":{"name":"(anonymous_14)","decl":{"start":{"line":37,"column":14},"end":{"line":37,"column":17}},"loc":{"start":{"line":37,"column":19},"end":{"line":41,"column":5}}},"8":{"name":"(anonymous_15)","decl":{"start":{"line":38,"column":7},"end":{"line":38,"column":16}},"loc":{"start":{"line":38,"column":18},"end":{"line":40,"column":8}}},"9":{"name":"(anonymous_16)","decl":{"start":{"line":38,"column":18},"end":{"line":38,"column":null}},"loc":{"start":{"line":38,"column":18},"end":{"line":40,"column":7}}},"10":{"name":"(anonymous_17)","decl":{"start":{"line":44,"column":6},"end":{"line":44,"column":11}},"loc":{"start":{"line":44,"column":15},"end":{"line":44,"column":43}}}},"branchMap":{"0":{"loc":{"start":{"line":20,"column":33},"end":{"line":20,"column":45}},"type":"cond-expr","locations":[{"start":{"line":20,"column":33},"end":{"line":20,"column":45}},{"start":{"line":20,"column":49},"end":{"line":20,"column":60}}]},"1":{"loc":{"start":{"line":25,"column":9},"end":{"line":25,"column":21}},"type":"default-arg","locations":[{"start":{"line":25,"column":9},"end":{"line":25,"column":21}}]},"2":{"loc":{"start":{"line":29,"column":46},"end":{"line":29,"column":49}},"type":"binary-expr","locations":[{"start":{"line":29,"column":46},"end":{"line":29,"column":49}},{"start":{"line":29,"column":53},"end":{"line":29,"column":56}}]},"3":{"loc":{"start":{"line":34,"column":13},"end":{"line":34,"column":31}},"type":"binary-expr","locations":[{"start":{"line":34,"column":13},"end":{"line":34,"column":31}},{"start":{"line":34,"column":35},"end":{"line":34,"column":48}}]}},"s":{"0":1,"1":1,"2":1,"3":1,"4":1,"5":1,"6":1,"7":2,"8":4,"9":1,"10":1,"11":2,"12":2,"13":2,"14":2,"15":4,"16":2,"17":1,"18":1,"19":2,"20":1,"21":1,"22":1,"23":2,"24":4,"25":2},"f":{"0":2,"1":4,"2":1,"3":2,"4":2,"5":4,"6":1,"7":1,"8":1,"9":1,"10":4},"b":{"0":[0,4],"1":[2],"2":[2,0],"3":[1,1]}}
,"/Users/ja/git/hook/lib/utils.ts": {"path":"/Users/ja/git/hook/lib/utils.ts","statementMap":{"0":{"start":{"line":3,"column":13},"end":{"line":3,"column":51}},"1":{"start":{"line":3,"column":29},"end":{"line":3,"column":50}},"2":{"start":{"line":5,"column":13},"end":{"line":6,"column":27}},"3":{"start":{"line":6,"column":2},"end":{"line":6,"column":26}},"4":{"start":{"line":8,"column":13},"end":{"line":15,"column":4}},"5":{"start":{"line":8,"column":79},"end":{"line":14,"column":null}},"6":{"start":{"line":11,"column":2},"end":{"line":14,"column":null}},"7":{"start":{"line":13,"column":6},"end":{"line":13,"column":57}}},"fnMap":{"0":{"name":"(anonymous_0)","decl":{"start":{"line":3,"column":24},"end":{"line":3,"column":25}},"loc":{"start":{"line":3,"column":29},"end":{"line":3,"column":50}}},"1":{"name":"(anonymous_1)","decl":{"start":{"line":5,"column":21},"end":{"line":5,"column":42}},"loc":{"start":{"line":6,"column":2},"end":{"line":6,"column":26}}},"2":{"name":"(anonymous_2)","decl":{"start":{"line":8,"column":20},"end":{"line":8,"column":63}},"loc":{"start":{"line":8,"column":79},"end":{"line":14,"column":null}}},"3":{"name":"(anonymous_3)","decl":{"start":{"line":8,"column":79},"end":{"line":8,"column":null}},"loc":{"start":{"line":11,"column":2},"end":{"line":14,"column":null}}},"4":{"name":"(anonymous_4)","decl":{"start":{"line":12,"column":4},"end":{"line":12,"column":5}},"loc":{"start":{"line":13,"column":6},"end":{"line":13,"column":57}}}},"branchMap":{"0":{"loc":{"start":{"line":13,"column":26},"end":{"line":13,"column":52}},"type":"cond-expr","locations":[{"start":{"line":13,"column":26},"end":{"line":13,"column":52}},{"start":{"line":13,"column":54},"end":{"line":13,"column":57}}]}},"s":{"0":3,"1":7,"2":3,"3":13,"4":3,"5":4,"6":4,"7":4},"f":{"0":7,"1":13,"2":4,"3":4,"4":4},"b":{"0":[4,0]}}
}
