TN:
SF:/Users/ja/git/hook/lib/actions.ts
FN:16,(anonymous_0)
FNF:1
FNH:1
FNDA:4,(anonymous_0)
DA:2,2
DA:5,2
DA:16,2
DA:18,4
LF:4
LH:4
BRF:0
BRH:0
end_of_record
TN:
SF:/Users/ja/git/hook/lib/constants.ts
FNF:0
FNH:0
DA:1,2
DA:2,2
DA:3,2
DA:4,2
LF:4
LH:4
BRF:0
BRH:0
end_of_record
TN:
SF:/Users/ja/git/hook/lib/http-effects.ts
FN:8,(anonymous_1)
FN:10,(anonymous_2)
FN:10,(anonymous_3)
FN:11,(anonymous_4)
FN:13,(anonymous_5)
FN:13,(anonymous_6)
FN:18,(anonymous_7)
FN:18,(anonymous_8)
FN:19,(anonymous_9)
FNF:9
FNH:8
FNDA:2,(anonymous_1)
FNDA:1,(anonymous_2)
FNDA:2,(anonymous_3)
FNDA:2,(anonymous_4)
FNDA:2,(anonymous_5)
FNDA:1,(anonymous_6)
FNDA:1,(anonymous_7)
FNDA:1,(anonymous_8)
FNDA:0,(anonymous_9)
DA:1,1
DA:2,1
DA:4,1
DA:5,1
DA:8,2
DA:10,1
DA:11,2
DA:13,2
DA:18,1
DA:19,1
DA:20,0
LF:11
LH:10
BRDA:8,0,0,0
BRDA:8,0,1,2
BRF:2
BRH:1
end_of_record
TN:
SF:/Users/ja/git/hook/lib/index.ts
FN:6,(anonymous_0)
FNF:1
FNH:1
FNDA:1,(anonymous_0)
DA:1,1
DA:2,1
DA:4,1
DA:6,1
LF:4
LH:4
BRF:0
BRH:0
end_of_record
TN:
SF:/Users/ja/git/hook/lib/projections.ts
FN:5,(anonymous_0)
FN:8,(anonymous_1)
FN:11,(anonymous_2)
FN:11,(anonymous_3)
FN:13,(anonymous_4)
FN:15,(anonymous_5)
FNF:6
FNH:6
FNDA:2,(anonymous_0)
FNDA:1,(anonymous_1)
FNDA:1,(anonymous_2)
FNDA:1,(anonymous_3)
FNDA:2,(anonymous_4)
FNDA:1,(anonymous_5)
DA:1,2
DA:2,2
DA:5,2
DA:6,2
DA:8,2
DA:9,1
DA:11,2
DA:13,2
DA:15,2
DA:16,1
LF:10
LH:10
BRDA:13,0,0,2
BRDA:13,0,1,0
BRF:2
BRH:1
end_of_record
TN:
SF:/Users/ja/git/hook/lib/reducers.ts
FN:7,(anonymous_1)
FN:7,(anonymous_2)
FN:13,(anonymous_3)
FN:21,(anonymous_4)
FN:21,(anonymous_5)
FN:27,(anonymous_6)
FN:43,(anonymous_7)
FNF:7
FNH:7
FNDA:4,(anonymous_1)
FNDA:4,(anonymous_2)
FNDA:7,(anonymous_3)
FNDA:3,(anonymous_4)
FNDA:2,(anonymous_5)
FNDA:2,(anonymous_6)
FNDA:4,(anonymous_7)
DA:3,2
DA:5,2
DA:7,4
DA:10,4
DA:13,7
DA:21,3
DA:24,2
DA:27,2
DA:43,2
DA:47,4
LF:10
LH:10
BRDA:44,0,0,3
BRDA:48,1,0,1
BRDA:48,1,1,3
BRF:3
BRH:3
end_of_record
TN:
SF:/Users/ja/git/hook/lib/use-resources.ts
FN:17,(anonymous_7)
FN:17,(anonymous_8)
FN:22,(anonymous_9)
FN:23,useResources
FN:28,(anonymous_11)
FN:30,(anonymous_12)
FN:32,(anonymous_13)
FN:37,(anonymous_14)
FN:38,(anonymous_15)
FN:38,(anonymous_16)
FN:44,(anonymous_17)
FNF:11
FNH:11
FNDA:2,(anonymous_7)
FNDA:4,(anonymous_8)
FNDA:1,(anonymous_9)
FNDA:2,useResources
FNDA:2,(anonymous_11)
FNDA:4,(anonymous_12)
FNDA:1,(anonymous_13)
FNDA:1,(anonymous_14)
FNDA:1,(anonymous_15)
FNDA:1,(anonymous_16)
FNDA:4,(anonymous_17)
DA:1,1
DA:2,1
DA:3,1
DA:4,1
DA:5,1
DA:15,1
DA:17,2
DA:20,4
DA:22,1
DA:23,1
DA:27,2
DA:28,2
DA:29,2
DA:30,4
DA:32,2
DA:33,1
DA:34,1
DA:37,2
DA:38,1
DA:39,1
DA:43,2
DA:44,4
DA:48,2
LF:23
LH:23
BRDA:20,0,0,0
BRDA:20,0,1,4
BRDA:25,1,0,2
BRDA:29,2,0,2
BRDA:29,2,1,0
BRDA:34,3,0,1
BRDA:34,3,1,1
BRF:7
BRH:5
end_of_record
TN:
SF:/Users/ja/git/hook/lib/utils.ts
FN:3,(anonymous_0)
FN:5,(anonymous_1)
FN:8,(anonymous_2)
FN:8,(anonymous_3)
FN:12,(anonymous_4)
FNF:5
FNH:5
FNDA:7,(anonymous_0)
FNDA:13,(anonymous_1)
FNDA:4,(anonymous_2)
FNDA:4,(anonymous_3)
FNDA:4,(anonymous_4)
DA:3,7
DA:5,3
DA:6,13
DA:8,4
DA:11,4
DA:13,4
LF:6
LH:6
BRDA:13,0,0,4
BRDA:13,0,1,0
BRF:2
BRH:1
end_of_record
